2023-07-21 10:26:23 信息 [main] org.apache.catalina.startup.Catalina.load 服务器在[1108]毫秒内初始化
2023-07-21 10:27:12 信息 [main] org.apache.catalina.startup.Catalina.start [49123]毫秒后服务器启动
2023-07-21 13:13:04 警告 [main] org.apache.catalina.core.StandardServer.await 在调用accept()方法之后，侦听shutdown命令的套接字经历了意外的超时[9,952,132]毫秒。 这是bug 56684的一个例子？
	java.net.SocketTimeoutException: Accept timed out
		at java.base/java.net.PlainSocketImpl.socketAccept(Native Method)
		at java.base/java.net.AbstractPlainSocketImpl.accept(AbstractPlainSocketImpl.java:474)
		at java.base/java.net.ServerSocket.implAccept(ServerSocket.java:551)
		at java.base/java.net.ServerSocket.accept(ServerSocket.java:519)
		at org.apache.catalina.core.StandardServer.await(StandardServer.java:609)
		at org.apache.catalina.startup.Catalina.await(Catalina.java:864)
		at org.apache.catalina.startup.Catalina.start(Catalina.java:810)
		at java.base/jdk.internal.reflect.NativeMethodAccessorImpl.invoke0(Native Method)
		at java.base/jdk.internal.reflect.NativeMethodAccessorImpl.invoke(NativeMethodAccessorImpl.java:62)
		at java.base/jdk.internal.reflect.DelegatingMethodAccessorImpl.invoke(DelegatingMethodAccessorImpl.java:43)
		at java.base/java.lang.reflect.Method.invoke(Method.java:566)
		at org.apache.catalina.startup.Bootstrap.start(Bootstrap.java:342)
		at org.apache.catalina.startup.Bootstrap.main(Bootstrap.java:473)
2023-07-21 14:14:48 信息 [main] org.apache.catalina.startup.Catalina.load 服务器在[1123]毫秒内初始化
2023-07-21 14:15:39 信息 [main] org.apache.catalina.startup.Catalina.start [50339]毫秒后服务器启动
2023-07-21 14:27:49 警告 [main] org.apache.catalina.core.StandardServer.await 在调用accept()方法之后，侦听shutdown命令的套接字经历了意外的超时[730,480]毫秒。 这是bug 56684的一个例子？
	java.net.SocketTimeoutException: Accept timed out
		at java.base/java.net.PlainSocketImpl.socketAccept(Native Method)
		at java.base/java.net.AbstractPlainSocketImpl.accept(AbstractPlainSocketImpl.java:474)
		at java.base/java.net.ServerSocket.implAccept(ServerSocket.java:551)
		at java.base/java.net.ServerSocket.accept(ServerSocket.java:519)
		at org.apache.catalina.core.StandardServer.await(StandardServer.java:609)
		at org.apache.catalina.startup.Catalina.await(Catalina.java:864)
		at org.apache.catalina.startup.Catalina.start(Catalina.java:810)
		at java.base/jdk.internal.reflect.NativeMethodAccessorImpl.invoke0(Native Method)
		at java.base/jdk.internal.reflect.NativeMethodAccessorImpl.invoke(NativeMethodAccessorImpl.java:62)
		at java.base/jdk.internal.reflect.DelegatingMethodAccessorImpl.invoke(DelegatingMethodAccessorImpl.java:43)
		at java.base/java.lang.reflect.Method.invoke(Method.java:566)
		at org.apache.catalina.startup.Bootstrap.start(Bootstrap.java:342)
		at org.apache.catalina.startup.Bootstrap.main(Bootstrap.java:473)
2023-07-21 23:16:33 信息 [main] org.apache.catalina.startup.Catalina.load 服务器在[1099]毫秒内初始化
2023-07-21 23:17:49 信息 [main] org.apache.catalina.startup.Catalina.start [75971]毫秒后服务器启动
