2023-06-02 10:17:37 信息 [main] org.apache.catalina.startup.Catalina.load 服务器在[1145]毫秒内初始化
2023-06-02 10:18:53 信息 [main] org.apache.catalina.startup.Catalina.start [76155]毫秒后服务器启动
2023-06-02 10:23:29 信息 [main] org.apache.catalina.startup.Catalina.load 服务器在[1139]毫秒内初始化
2023-06-02 10:24:44 信息 [main] org.apache.catalina.startup.Catalina.start [75109]毫秒后服务器启动
2023-06-02 13:01:23 警告 [main] org.apache.catalina.core.StandardServer.await 在调用accept()方法之后，侦听shutdown命令的套接字经历了意外的超时[9,398,675]毫秒。 这是bug 56684的一个例子？
	java.net.SocketTimeoutException: Accept timed out
		at java.base/java.net.PlainSocketImpl.socketAccept(Native Method)
		at java.base/java.net.AbstractPlainSocketImpl.accept(AbstractPlainSocketImpl.java:474)
		at java.base/java.net.ServerSocket.implAccept(ServerSocket.java:551)
		at java.base/java.net.ServerSocket.accept(ServerSocket.java:519)
		at org.apache.catalina.core.StandardServer.await(StandardServer.java:609)
		at org.apache.catalina.startup.Catalina.await(Catalina.java:864)
		at org.apache.catalina.startup.Catalina.start(Catalina.java:810)
		at java.base/jdk.internal.reflect.NativeMethodAccessorImpl.invoke0(Native Method)
		at java.base/jdk.internal.reflect.NativeMethodAccessorImpl.invoke(NativeMethodAccessorImpl.java:62)
		at java.base/jdk.internal.reflect.DelegatingMethodAccessorImpl.invoke(DelegatingMethodAccessorImpl.java:43)
		at java.base/java.lang.reflect.Method.invoke(Method.java:566)
		at org.apache.catalina.startup.Bootstrap.start(Bootstrap.java:342)
		at org.apache.catalina.startup.Bootstrap.main(Bootstrap.java:473)
2023-06-02 15:33:46 信息 [main] org.apache.catalina.startup.Catalina.load 服务器在[1089]毫秒内初始化
2023-06-02 15:34:36 信息 [main] org.apache.catalina.startup.Catalina.start [49935]毫秒后服务器启动
2023-06-02 16:28:25 信息 [main] org.apache.catalina.startup.Catalina.load 服务器在[1235]毫秒内初始化
2023-06-02 16:29:16 信息 [main] org.apache.catalina.startup.Catalina.start [50874]毫秒后服务器启动
