2023-07-13 08:04:14 警告 [main] org.apache.catalina.core.StandardServer.await 在调用accept()方法之后，侦听shutdown命令的套接字经历了意外的超时[114,718,194]毫秒。 这是bug 56684的一个例子？
	java.net.SocketTimeoutException: Accept timed out
		at java.base/java.net.PlainSocketImpl.socketAccept(Native Method)
		at java.base/java.net.AbstractPlainSocketImpl.accept(AbstractPlainSocketImpl.java:474)
		at java.base/java.net.ServerSocket.implAccept(ServerSocket.java:551)
		at java.base/java.net.ServerSocket.accept(ServerSocket.java:519)
		at org.apache.catalina.core.StandardServer.await(StandardServer.java:609)
		at org.apache.catalina.startup.Catalina.await(Catalina.java:864)
		at org.apache.catalina.startup.Catalina.start(Catalina.java:810)
		at java.base/jdk.internal.reflect.NativeMethodAccessorImpl.invoke0(Native Method)
		at java.base/jdk.internal.reflect.NativeMethodAccessorImpl.invoke(NativeMethodAccessorImpl.java:62)
		at java.base/jdk.internal.reflect.DelegatingMethodAccessorImpl.invoke(DelegatingMethodAccessorImpl.java:43)
		at java.base/java.lang.reflect.Method.invoke(Method.java:566)
		at org.apache.catalina.startup.Bootstrap.start(Bootstrap.java:342)
		at org.apache.catalina.startup.Bootstrap.main(Bootstrap.java:473)
2023-07-13 10:20:46 信息 [main] org.apache.catalina.startup.Catalina.load 服务器在[1172]毫秒内初始化
2023-07-13 10:22:13 信息 [main] org.apache.catalina.startup.Catalina.start [87587]毫秒后服务器启动
2023-07-13 14:07:20 信息 [main] org.apache.catalina.startup.Catalina.load 服务器在[1087]毫秒内初始化
2023-07-13 14:08:36 信息 [main] org.apache.catalina.startup.Catalina.start [75756]毫秒后服务器启动
2023-07-13 14:23:36 信息 [main] org.apache.catalina.startup.Catalina.load 服务器在[1045]毫秒内初始化
2023-07-13 14:24:53 信息 [main] org.apache.catalina.startup.Catalina.start [76428]毫秒后服务器启动
2023-07-13 15:13:57 警告 [main] org.apache.catalina.core.StandardServer.await 在调用accept()方法之后，侦听shutdown命令的套接字经历了意外的超时[2,944,573]毫秒。 这是bug 56684的一个例子？
	java.net.SocketTimeoutException: Accept timed out
		at java.base/java.net.PlainSocketImpl.socketAccept(Native Method)
		at java.base/java.net.AbstractPlainSocketImpl.accept(AbstractPlainSocketImpl.java:474)
		at java.base/java.net.ServerSocket.implAccept(ServerSocket.java:551)
		at java.base/java.net.ServerSocket.accept(ServerSocket.java:519)
		at org.apache.catalina.core.StandardServer.await(StandardServer.java:609)
		at org.apache.catalina.startup.Catalina.await(Catalina.java:864)
		at org.apache.catalina.startup.Catalina.start(Catalina.java:810)
		at java.base/jdk.internal.reflect.NativeMethodAccessorImpl.invoke0(Native Method)
		at java.base/jdk.internal.reflect.NativeMethodAccessorImpl.invoke(NativeMethodAccessorImpl.java:62)
		at java.base/jdk.internal.reflect.DelegatingMethodAccessorImpl.invoke(DelegatingMethodAccessorImpl.java:43)
		at java.base/java.lang.reflect.Method.invoke(Method.java:566)
		at org.apache.catalina.startup.Bootstrap.start(Bootstrap.java:342)
		at org.apache.catalina.startup.Bootstrap.main(Bootstrap.java:473)
2023-07-13 16:19:17 信息 [main] org.apache.catalina.startup.Catalina.load 服务器在[1065]毫秒内初始化
2023-07-13 16:20:34 信息 [main] org.apache.catalina.startup.Catalina.start [76961]毫秒后服务器启动
2023-07-13 16:42:06 信息 [main] org.apache.catalina.startup.Catalina.load 服务器在[1090]毫秒内初始化
2023-07-13 16:43:22 信息 [main] org.apache.catalina.startup.Catalina.start [76143]毫秒后服务器启动
