2023-05-25 13:00:32 警告 [main] org.apache.catalina.core.StandardServer.await 在调用accept()方法之后，侦听shutdown命令的套接字经历了意外的超时[58,943,026]毫秒。 这是bug 56684的一个例子？
	java.net.SocketTimeoutException: Accept timed out
		at java.base/java.net.PlainSocketImpl.socketAccept(Native Method)
		at java.base/java.net.AbstractPlainSocketImpl.accept(AbstractPlainSocketImpl.java:474)
		at java.base/java.net.ServerSocket.implAccept(ServerSocket.java:551)
		at java.base/java.net.ServerSocket.accept(ServerSocket.java:519)
		at org.apache.catalina.core.StandardServer.await(StandardServer.java:609)
		at org.apache.catalina.startup.Catalina.await(Catalina.java:864)
		at org.apache.catalina.startup.Catalina.start(Catalina.java:810)
		at java.base/jdk.internal.reflect.NativeMethodAccessorImpl.invoke0(Native Method)
		at java.base/jdk.internal.reflect.NativeMethodAccessorImpl.invoke(NativeMethodAccessorImpl.java:62)
		at java.base/jdk.internal.reflect.DelegatingMethodAccessorImpl.invoke(DelegatingMethodAccessorImpl.java:43)
		at java.base/java.lang.reflect.Method.invoke(Method.java:566)
		at org.apache.catalina.startup.Bootstrap.start(Bootstrap.java:342)
		at org.apache.catalina.startup.Bootstrap.main(Bootstrap.java:473)
2023-05-25 14:34:09 信息 [main] org.apache.catalina.startup.Catalina.load 服务器在[1119]毫秒内初始化
2023-05-25 14:35:05 信息 [main] org.apache.catalina.startup.Catalina.start [55363]毫秒后服务器启动
2023-05-25 17:49:39 信息 [main] org.apache.catalina.startup.Catalina.load 服务器在[1161]毫秒内初始化
2023-05-25 17:50:34 信息 [main] org.apache.catalina.startup.Catalina.start [54455]毫秒后服务器启动
2023-05-25 18:04:48 信息 [main] org.apache.catalina.startup.Catalina.load 服务器在[1065]毫秒内初始化
2023-05-25 18:05:39 信息 [main] org.apache.catalina.startup.Catalina.start [51354]毫秒后服务器启动
