2023-07-20 10:18:08 信息 [main] org.apache.catalina.startup.Catalina.load 服务器在[1126]毫秒内初始化
2023-07-20 10:19:24 信息 [main] org.apache.catalina.startup.Catalina.start [76196]毫秒后服务器启动
2023-07-20 10:30:35 信息 [main] org.apache.catalina.startup.Catalina.load 服务器在[1100]毫秒内初始化
2023-07-20 10:31:26 信息 [main] org.apache.catalina.startup.Catalina.start [51162]毫秒后服务器启动
2023-07-20 11:26:30 信息 [main] org.apache.catalina.startup.Catalina.load 服务器在[1162]毫秒内初始化
2023-07-20 11:27:23 信息 [main] org.apache.catalina.startup.Catalina.start [53484]毫秒后服务器启动
2023-07-20 14:25:49 警告 [main] org.apache.catalina.core.StandardServer.await 在调用accept()方法之后，侦听shutdown命令的套接字经历了意外的超时[10,705,537]毫秒。 这是bug 56684的一个例子？
	java.net.SocketTimeoutException: Accept timed out
		at java.base/java.net.PlainSocketImpl.socketAccept(Native Method)
		at java.base/java.net.AbstractPlainSocketImpl.accept(AbstractPlainSocketImpl.java:474)
		at java.base/java.net.ServerSocket.implAccept(ServerSocket.java:551)
		at java.base/java.net.ServerSocket.accept(ServerSocket.java:519)
		at org.apache.catalina.core.StandardServer.await(StandardServer.java:609)
		at org.apache.catalina.startup.Catalina.await(Catalina.java:864)
		at org.apache.catalina.startup.Catalina.start(Catalina.java:810)
		at java.base/jdk.internal.reflect.NativeMethodAccessorImpl.invoke0(Native Method)
		at java.base/jdk.internal.reflect.NativeMethodAccessorImpl.invoke(NativeMethodAccessorImpl.java:62)
		at java.base/jdk.internal.reflect.DelegatingMethodAccessorImpl.invoke(DelegatingMethodAccessorImpl.java:43)
		at java.base/java.lang.reflect.Method.invoke(Method.java:566)
		at org.apache.catalina.startup.Bootstrap.start(Bootstrap.java:342)
		at org.apache.catalina.startup.Bootstrap.main(Bootstrap.java:473)
2023-07-20 15:21:04 信息 [main] org.apache.catalina.startup.Catalina.load 服务器在[1128]毫秒内初始化
2023-07-20 15:21:53 信息 [main] org.apache.catalina.startup.Catalina.start [48758]毫秒后服务器启动
2023-07-20 15:22:55 信息 [main] org.apache.catalina.startup.Catalina.load 服务器在[1072]毫秒内初始化
2023-07-20 15:23:45 信息 [main] org.apache.catalina.startup.Catalina.start [50503]毫秒后服务器启动
2023-07-20 16:56:29 信息 [main] org.apache.catalina.startup.Catalina.load 服务器在[1129]毫秒内初始化
2023-07-20 16:57:27 信息 [main] org.apache.catalina.startup.Catalina.start [57572]毫秒后服务器启动
