2023-07-14 09:45:38 信息 [main] org.apache.catalina.startup.Catalina.load 服务器在[1083]毫秒内初始化
2023-07-14 09:46:28 信息 [main] org.apache.catalina.startup.Catalina.start [49564]毫秒后服务器启动
2023-07-14 10:05:39 信息 [main] org.apache.catalina.startup.Catalina.load 服务器在[1066]毫秒内初始化
2023-07-14 10:06:29 信息 [main] org.apache.catalina.startup.Catalina.start [49582]毫秒后服务器启动
2023-07-14 10:18:18 信息 [main] org.apache.catalina.startup.Catalina.load 服务器在[1077]毫秒内初始化
2023-07-14 10:19:08 信息 [main] org.apache.catalina.startup.Catalina.start [50635]毫秒后服务器启动
2023-07-14 11:05:09 信息 [main] org.apache.catalina.startup.Catalina.load 服务器在[1134]毫秒内初始化
2023-07-14 11:06:00 信息 [main] org.apache.catalina.startup.Catalina.start [50212]毫秒后服务器启动
2023-07-14 14:09:05 警告 [main] org.apache.catalina.core.StandardServer.await 在调用accept()方法之后，侦听shutdown命令的套接字经历了意外的超时[10,985,661]毫秒。 这是bug 56684的一个例子？
	java.net.SocketTimeoutException: Accept timed out
		at java.base/java.net.PlainSocketImpl.socketAccept(Native Method)
		at java.base/java.net.AbstractPlainSocketImpl.accept(AbstractPlainSocketImpl.java:474)
		at java.base/java.net.ServerSocket.implAccept(ServerSocket.java:551)
		at java.base/java.net.ServerSocket.accept(ServerSocket.java:519)
		at org.apache.catalina.core.StandardServer.await(StandardServer.java:609)
		at org.apache.catalina.startup.Catalina.await(Catalina.java:864)
		at org.apache.catalina.startup.Catalina.start(Catalina.java:810)
		at java.base/jdk.internal.reflect.NativeMethodAccessorImpl.invoke0(Native Method)
		at java.base/jdk.internal.reflect.NativeMethodAccessorImpl.invoke(NativeMethodAccessorImpl.java:62)
		at java.base/jdk.internal.reflect.DelegatingMethodAccessorImpl.invoke(DelegatingMethodAccessorImpl.java:43)
		at java.base/java.lang.reflect.Method.invoke(Method.java:566)
		at org.apache.catalina.startup.Bootstrap.start(Bootstrap.java:342)
		at org.apache.catalina.startup.Bootstrap.main(Bootstrap.java:473)
2023-07-14 16:59:03 信息 [main] org.apache.catalina.startup.Catalina.load 服务器在[1072]毫秒内初始化
2023-07-14 16:59:52 信息 [main] org.apache.catalina.startup.Catalina.start [49001]毫秒后服务器启动
