2023-06-27 11:09:42 信息 [main] org.apache.catalina.startup.Catalina.load 服务器在[1088]毫秒内初始化
2023-06-27 11:10:34 信息 [main] org.apache.catalina.startup.Catalina.start [51261]毫秒后服务器启动
2023-06-27 15:52:23 警告 [main] org.apache.catalina.core.StandardServer.await 在调用accept()方法之后，侦听shutdown命令的套接字经历了意外的超时[16,909,114]毫秒。 这是bug 56684的一个例子？
	java.net.SocketTimeoutException: Accept timed out
		at java.base/java.net.PlainSocketImpl.socketAccept(Native Method)
		at java.base/java.net.AbstractPlainSocketImpl.accept(AbstractPlainSocketImpl.java:474)
		at java.base/java.net.ServerSocket.implAccept(ServerSocket.java:551)
		at java.base/java.net.ServerSocket.accept(ServerSocket.java:519)
		at org.apache.catalina.core.StandardServer.await(StandardServer.java:609)
		at org.apache.catalina.startup.Catalina.await(Catalina.java:864)
		at org.apache.catalina.startup.Catalina.start(Catalina.java:810)
		at java.base/jdk.internal.reflect.NativeMethodAccessorImpl.invoke0(Native Method)
		at java.base/jdk.internal.reflect.NativeMethodAccessorImpl.invoke(NativeMethodAccessorImpl.java:62)
		at java.base/jdk.internal.reflect.DelegatingMethodAccessorImpl.invoke(DelegatingMethodAccessorImpl.java:43)
		at java.base/java.lang.reflect.Method.invoke(Method.java:566)
		at org.apache.catalina.startup.Bootstrap.start(Bootstrap.java:342)
		at org.apache.catalina.startup.Bootstrap.main(Bootstrap.java:473)
2023-06-27 16:32:37 信息 [main] org.apache.catalina.startup.Catalina.load 服务器在[1191]毫秒内初始化
2023-06-27 16:34:00 信息 [main] org.apache.catalina.startup.Catalina.start [83062]毫秒后服务器启动
2023-06-27 16:52:27 信息 [main] org.apache.catalina.startup.Catalina.load 服务器在[1102]毫秒内初始化
2023-06-27 16:53:47 信息 [main] org.apache.catalina.startup.Catalina.start [79850]毫秒后服务器启动
2023-06-27 17:59:44 信息 [main] org.apache.catalina.startup.Catalina.load 服务器在[1210]毫秒内初始化
2023-06-27 18:00:39 信息 [main] org.apache.catalina.startup.Catalina.start [54638]毫秒后服务器启动
2023-06-27 19:37:45 信息 [main] org.apache.catalina.startup.Catalina.load 服务器在[1106]毫秒内初始化
2023-06-27 19:39:02 信息 [main] org.apache.catalina.startup.Catalina.start [76812]毫秒后服务器启动
