2023-06-28 10:14:01 信息 [main] org.apache.catalina.startup.Catalina.load 服务器在[1184]毫秒内初始化
2023-06-28 10:15:19 信息 [main] org.apache.catalina.startup.Catalina.start [77543]毫秒后服务器启动
2023-06-28 11:03:13 信息 [main] org.apache.catalina.startup.Catalina.load 服务器在[1047]毫秒内初始化
2023-06-28 11:04:10 信息 [main] org.apache.catalina.startup.Catalina.start [57274]毫秒后服务器启动
2023-06-28 11:11:53 信息 [main] org.apache.catalina.startup.Catalina.load 服务器在[1122]毫秒内初始化
2023-06-28 11:12:53 信息 [main] org.apache.catalina.startup.Catalina.start [60755]毫秒后服务器启动
2023-06-28 11:20:24 信息 [main] org.apache.catalina.startup.Catalina.load 服务器在[1074]毫秒内初始化
2023-06-28 11:21:20 信息 [main] org.apache.catalina.startup.Catalina.start [55105]毫秒后服务器启动
2023-06-28 11:30:19 信息 [main] org.apache.catalina.startup.Catalina.load 服务器在[1060]毫秒内初始化
2023-06-28 11:31:11 信息 [main] org.apache.catalina.startup.Catalina.start [52418]毫秒后服务器启动
2023-06-28 15:22:59 信息 [main] org.apache.catalina.startup.Catalina.load 服务器在[1104]毫秒内初始化
2023-06-28 15:24:16 信息 [main] org.apache.catalina.startup.Catalina.start [76537]毫秒后服务器启动
2023-06-28 15:57:17 信息 [main] org.apache.catalina.startup.Catalina.load 服务器在[1071]毫秒内初始化
2023-06-28 15:58:35 信息 [main] org.apache.catalina.startup.Catalina.start [77739]毫秒后服务器启动
2023-06-28 17:20:03 信息 [main] org.apache.catalina.startup.Catalina.load 服务器在[1076]毫秒内初始化
2023-06-28 17:21:32 信息 [main] org.apache.catalina.startup.Catalina.start [88832]毫秒后服务器启动
2023-06-28 17:39:46 信息 [main] org.apache.catalina.startup.Catalina.load 服务器在[1116]毫秒内初始化
2023-06-28 17:41:01 严重 [main] org.apache.catalina.core.StandardContext.startInternal 一个或多个listeners启动失败，更多详细信息查看对应的容器日志文件
2023-06-28 17:41:01 严重 [main] org.apache.catalina.core.StandardContext.startInternal 由于之前的错误，Context[/nuxeo]启动失败
2023-06-28 17:41:06 严重 [main] org.apache.catalina.core.ContainerBase.startInternal 子容器启动失败
	java.util.concurrent.ExecutionException: org.apache.catalina.LifecycleException: 无法启动组件[StandardEngine[Catalina].StandardHost[localhost]]
		at java.base/java.util.concurrent.FutureTask.report(FutureTask.java:122)
		at java.base/java.util.concurrent.FutureTask.get(FutureTask.java:191)
		at org.apache.catalina.core.ContainerBase.startInternal(ContainerBase.java:916)
		at org.apache.catalina.core.StandardEngine.startInternal(StandardEngine.java:262)
		at org.apache.catalina.util.LifecycleBase.start(LifecycleBase.java:183)
		at org.apache.catalina.core.StandardService.startInternal(StandardService.java:434)
		at org.apache.catalina.util.LifecycleBase.start(LifecycleBase.java:183)
		at org.apache.catalina.core.StandardServer.startInternal(StandardServer.java:930)
		at org.apache.catalina.util.LifecycleBase.start(LifecycleBase.java:183)
		at org.apache.catalina.startup.Catalina.start(Catalina.java:772)
		at java.base/jdk.internal.reflect.NativeMethodAccessorImpl.invoke0(Native Method)
		at java.base/jdk.internal.reflect.NativeMethodAccessorImpl.invoke(NativeMethodAccessorImpl.java:62)
		at java.base/jdk.internal.reflect.DelegatingMethodAccessorImpl.invoke(DelegatingMethodAccessorImpl.java:43)
		at java.base/java.lang.reflect.Method.invoke(Method.java:566)
		at org.apache.catalina.startup.Bootstrap.start(Bootstrap.java:342)
		at org.apache.catalina.startup.Bootstrap.main(Bootstrap.java:473)
	Caused by: org.apache.catalina.LifecycleException: 无法启动组件[StandardEngine[Catalina].StandardHost[localhost]]
		at org.apache.catalina.util.LifecycleBase.handleSubClassException(LifecycleBase.java:440)
		at org.apache.catalina.util.LifecycleBase.start(LifecycleBase.java:198)
		at org.apache.catalina.core.ContainerBase$StartChild.call(ContainerBase.java:1384)
		at org.apache.catalina.core.ContainerBase$StartChild.call(ContainerBase.java:1374)
		at java.base/java.util.concurrent.FutureTask.run(FutureTask.java:264)
		at org.apache.tomcat.util.threads.InlineExecutorService.execute(InlineExecutorService.java:75)
		at java.base/java.util.concurrent.AbstractExecutorService.submit(AbstractExecutorService.java:140)
		at org.apache.catalina.core.ContainerBase.startInternal(ContainerBase.java:909)
		... 13 more
	Caused by: java.lang.IllegalStateException: Some contexts failed to start.
		at org.nuxeo.runtime.tomcat.NuxeoDeployer.checkFailures(NuxeoDeployer.java:83)
		at org.nuxeo.runtime.tomcat.NuxeoDeployer.lifecycleEvent(NuxeoDeployer.java:71)
		at org.apache.catalina.util.LifecycleBase.fireLifecycleEvent(LifecycleBase.java:123)
		at org.apache.catalina.util.LifecycleBase.setStateInternal(LifecycleBase.java:423)
		at org.apache.catalina.util.LifecycleBase.start(LifecycleBase.java:193)
		... 19 more
2023-06-28 17:41:06 严重 [main] org.apache.catalina.startup.Catalina.start 所必需的服务组件启动失败，所以无法启动Tomcat
	org.apache.catalina.LifecycleException: 子容器启动失败
		at org.apache.catalina.core.ContainerBase.startInternal(ContainerBase.java:928)
		at org.apache.catalina.core.StandardEngine.startInternal(StandardEngine.java:262)
		at org.apache.catalina.util.LifecycleBase.start(LifecycleBase.java:183)
		at org.apache.catalina.core.StandardService.startInternal(StandardService.java:434)
		at org.apache.catalina.util.LifecycleBase.start(LifecycleBase.java:183)
		at org.apache.catalina.core.StandardServer.startInternal(StandardServer.java:930)
		at org.apache.catalina.util.LifecycleBase.start(LifecycleBase.java:183)
		at org.apache.catalina.startup.Catalina.start(Catalina.java:772)
		at java.base/jdk.internal.reflect.NativeMethodAccessorImpl.invoke0(Native Method)
		at java.base/jdk.internal.reflect.NativeMethodAccessorImpl.invoke(NativeMethodAccessorImpl.java:62)
		at java.base/jdk.internal.reflect.DelegatingMethodAccessorImpl.invoke(DelegatingMethodAccessorImpl.java:43)
		at java.base/java.lang.reflect.Method.invoke(Method.java:566)
		at org.apache.catalina.startup.Bootstrap.start(Bootstrap.java:342)
		at org.apache.catalina.startup.Bootstrap.main(Bootstrap.java:473)
	Caused by: java.util.concurrent.ExecutionException: org.apache.catalina.LifecycleException: 无法启动组件[StandardEngine[Catalina].StandardHost[localhost]]
		at java.base/java.util.concurrent.FutureTask.report(FutureTask.java:122)
		at java.base/java.util.concurrent.FutureTask.get(FutureTask.java:191)
		at org.apache.catalina.core.ContainerBase.startInternal(ContainerBase.java:916)
		... 13 more
	Caused by: org.apache.catalina.LifecycleException: 无法启动组件[StandardEngine[Catalina].StandardHost[localhost]]
		at org.apache.catalina.util.LifecycleBase.handleSubClassException(LifecycleBase.java:440)
		at org.apache.catalina.util.LifecycleBase.start(LifecycleBase.java:198)
		at org.apache.catalina.core.ContainerBase$StartChild.call(ContainerBase.java:1384)
		at org.apache.catalina.core.ContainerBase$StartChild.call(ContainerBase.java:1374)
		at java.base/java.util.concurrent.FutureTask.run(FutureTask.java:264)
		at org.apache.tomcat.util.threads.InlineExecutorService.execute(InlineExecutorService.java:75)
		at java.base/java.util.concurrent.AbstractExecutorService.submit(AbstractExecutorService.java:140)
		at org.apache.catalina.core.ContainerBase.startInternal(ContainerBase.java:909)
		... 13 more
	Caused by: java.lang.IllegalStateException: Some contexts failed to start.
		at org.nuxeo.runtime.tomcat.NuxeoDeployer.checkFailures(NuxeoDeployer.java:83)
		at org.nuxeo.runtime.tomcat.NuxeoDeployer.lifecycleEvent(NuxeoDeployer.java:71)
		at org.apache.catalina.util.LifecycleBase.fireLifecycleEvent(LifecycleBase.java:123)
		at org.apache.catalina.util.LifecycleBase.setStateInternal(LifecycleBase.java:423)
		at org.apache.catalina.util.LifecycleBase.start(LifecycleBase.java:193)
		... 19 more
2023-06-28 17:41:50 信息 [main] org.apache.catalina.startup.Catalina.load 服务器在[1139]毫秒内初始化
2023-06-28 17:43:08 信息 [main] org.apache.catalina.startup.Catalina.start [77270]毫秒后服务器启动
2023-06-28 18:00:19 信息 [main] org.apache.catalina.startup.Catalina.load 服务器在[1107]毫秒内初始化
2023-06-28 18:01:36 信息 [main] org.apache.catalina.startup.Catalina.start [76717]毫秒后服务器启动
